<?xml version="1.0" encoding="UTF-8"?>
<!-- Generated by org.testng.reporters.JUnitReportReporter -->
<testsuite hostname="LAPTOP-RB7M80F0" failures="0" tests="2" name="testClasses.test" time="2.611" errors="0" timestamp="2022-05-29T18:23:26 IST" skipped="0">
  <testcase classname="testClasses.test" name="verifyForgottenPasswordTab" time="1.419"/>
  <system-out/>
  <testcase classname="testClasses.test" name="verifyLogin" time="1.192"/>
  <system-out/>
</testsuite> <!-- testClasses.test -->
