<?xml version="1.0" encoding="UTF-8"?>
<!-- Generated by org.testng.reporters.JUnitReportReporter -->
<testsuite hostname="LAPTOP-RB7M80F0" failures="0" tests="3" name="testClasses.testSighUp" time="9.054" errors="0" timestamp="2022-05-29T18:23:26 IST" skipped="0">
  <testcase classname="testClasses.testSighUp" name="testSignUpPage" time="3.442"/>
  <system-out/>
  <testcase classname="testClasses.testSighUp" name="testSignUpPage" time="2.779"/>
  <system-out/>
  <testcase classname="testClasses.testSighUp" name="testSignUpPage" time="2.833"/>
  <system-out/>
</testsuite> <!-- testClasses.testSighUp -->
